CRITICAL - 2022-06-28 06:26:24 --> The framework needs the following extension(s) installed and loaded: intl.
#0 E:\xampp\htdocs\toko-api\system\CodeIgniter.php(219): CodeIgniter\Exceptions\FrameworkException::forMissingExtension('intl')
#1 E:\xampp\htdocs\toko-api\system\CodeIgniter.php(177): CodeIgniter\CodeIgniter->resolvePlatformExtensions()
#2 E:\xampp\htdocs\toko-api\system\bootstrap.php(146): CodeIgniter\CodeIgniter->initialize()
#3 E:\xampp\htdocs\toko-api\public\index.php(28): require('E:\\xampp\\htdocs...')
#4 {main}
CRITICAL - 2022-06-28 06:31:41 --> The framework needs the following extension(s) installed and loaded: intl.
#0 E:\xampp\htdocs\toko-api\system\CodeIgniter.php(219): CodeIgniter\Exceptions\FrameworkException::forMissingExtension('intl')
#1 E:\xampp\htdocs\toko-api\system\CodeIgniter.php(177): CodeIgniter\CodeIgniter->resolvePlatformExtensions()
#2 E:\xampp\htdocs\toko-api\system\bootstrap.php(146): CodeIgniter\CodeIgniter->initialize()
#3 E:\xampp\htdocs\toko-api\public\index.php(28): require('E:\\xampp\\htdocs...')
#4 {main}
CRITICAL - 2022-06-28 06:34:30 --> The framework needs the following extension(s) installed and loaded: intl.
#0 E:\xampp\htdocs\toko-api\system\CodeIgniter.php(219): CodeIgniter\Exceptions\FrameworkException::forMissingExtension('intl')
#1 E:\xampp\htdocs\toko-api\system\CodeIgniter.php(177): CodeIgniter\CodeIgniter->resolvePlatformExtensions()
#2 E:\xampp\htdocs\toko-api\system\bootstrap.php(146): CodeIgniter\CodeIgniter->initialize()
#3 E:\xampp\htdocs\toko-api\public\index.php(28): require('E:\\xampp\\htdocs...')
#4 {main}
CRITICAL - 2022-06-28 06:34:38 --> The framework needs the following extension(s) installed and loaded: intl.
#0 E:\xampp\htdocs\toko-api\system\CodeIgniter.php(219): CodeIgniter\Exceptions\FrameworkException::forMissingExtension('intl')
#1 E:\xampp\htdocs\toko-api\system\CodeIgniter.php(177): CodeIgniter\CodeIgniter->resolvePlatformExtensions()
#2 E:\xampp\htdocs\toko-api\system\bootstrap.php(146): CodeIgniter\CodeIgniter->initialize()
#3 E:\xampp\htdocs\toko-api\public\index.php(28): require('E:\\xampp\\htdocs...')
#4 {main}
CRITICAL - 2022-06-28 06:58:41 --> The framework needs the following extension(s) installed and loaded: intl.
#0 E:\xampp\htdocs\toko-api\system\CodeIgniter.php(219): CodeIgniter\Exceptions\FrameworkException::forMissingExtension('intl')
#1 E:\xampp\htdocs\toko-api\system\CodeIgniter.php(177): CodeIgniter\CodeIgniter->resolvePlatformExtensions()
#2 E:\xampp\htdocs\toko-api\system\bootstrap.php(146): CodeIgniter\CodeIgniter->initialize()
#3 E:\xampp\htdocs\toko-api\public\index.php(28): require('E:\\xampp\\htdocs...')
#4 {main}
CRITICAL - 2022-06-28 07:34:17 --> The framework needs the following extension(s) installed and loaded: intl.
#0 E:\xampp\htdocs\toko-api\system\CodeIgniter.php(219): CodeIgniter\Exceptions\FrameworkException::forMissingExtension('intl')
#1 E:\xampp\htdocs\toko-api\system\CodeIgniter.php(177): CodeIgniter\CodeIgniter->resolvePlatformExtensions()
#2 E:\xampp\htdocs\toko-api\system\bootstrap.php(146): CodeIgniter\CodeIgniter->initialize()
#3 E:\xampp\htdocs\toko-api\public\index.php(28): require('E:\\xampp\\htdocs...')
#4 {main}
CRITICAL - 2022-06-28 07:34:27 --> The framework needs the following extension(s) installed and loaded: intl.
#0 E:\xampp\htdocs\toko-api\system\CodeIgniter.php(219): CodeIgniter\Exceptions\FrameworkException::forMissingExtension('intl')
#1 E:\xampp\htdocs\toko-api\system\CodeIgniter.php(177): CodeIgniter\CodeIgniter->resolvePlatformExtensions()
#2 E:\xampp\htdocs\toko-api\system\bootstrap.php(146): CodeIgniter\CodeIgniter->initialize()
#3 E:\xampp\htdocs\toko-api\public\index.php(28): require('E:\\xampp\\htdocs...')
#4 {main}
CRITICAL - 2022-06-28 07:35:03 --> The framework needs the following extension(s) installed and loaded: intl.
#0 E:\xampp\htdocs\toko-api\system\CodeIgniter.php(219): CodeIgniter\Exceptions\FrameworkException::forMissingExtension('intl')
#1 E:\xampp\htdocs\toko-api\system\CodeIgniter.php(177): CodeIgniter\CodeIgniter->resolvePlatformExtensions()
#2 E:\xampp\htdocs\toko-api\system\bootstrap.php(146): CodeIgniter\CodeIgniter->initialize()
#3 E:\xampp\htdocs\toko-api\public\index.php(28): require('E:\\xampp\\htdocs...')
#4 {main}
CRITICAL - 2022-06-28 07:35:49 --> The framework needs the following extension(s) installed and loaded: intl.
#0 E:\xampp\htdocs\toko-api\system\CodeIgniter.php(219): CodeIgniter\Exceptions\FrameworkException::forMissingExtension('intl')
#1 E:\xampp\htdocs\toko-api\system\CodeIgniter.php(177): CodeIgniter\CodeIgniter->resolvePlatformExtensions()
#2 E:\xampp\htdocs\toko-api\system\bootstrap.php(146): CodeIgniter\CodeIgniter->initialize()
#3 E:\xampp\htdocs\toko-api\public\index.php(28): require('E:\\xampp\\htdocs...')
#4 {main}
CRITICAL - 2022-06-28 07:37:27 --> The framework needs the following extension(s) installed and loaded: intl.
#0 E:\xampp\htdocs\toko-api\system\CodeIgniter.php(219): CodeIgniter\Exceptions\FrameworkException::forMissingExtension('intl')
#1 E:\xampp\htdocs\toko-api\system\CodeIgniter.php(177): CodeIgniter\CodeIgniter->resolvePlatformExtensions()
#2 E:\xampp\htdocs\toko-api\system\bootstrap.php(146): CodeIgniter\CodeIgniter->initialize()
#3 E:\xampp\htdocs\toko-api\public\index.php(28): require('E:\\xampp\\htdocs...')
#4 {main}
ERROR - 2022-06-28 05:52:48 --> Column 'nama' cannot be null
CRITICAL - 2022-06-28 05:52:48 --> Column 'nama' cannot be null
#0 E:\xampp\htdocs\toko-api\system\Database\MySQLi\Connection.php(292): mysqli->query('INSERT INTO `me...', 0)
#1 E:\xampp\htdocs\toko-api\system\Database\BaseConnection.php(670): CodeIgniter\Database\MySQLi\Connection->execute('INSERT INTO `me...')
#2 E:\xampp\htdocs\toko-api\system\Database\BaseConnection.php(598): CodeIgniter\Database\BaseConnection->simpleQuery('INSERT INTO `me...')
#3 E:\xampp\htdocs\toko-api\system\Database\BaseBuilder.php(1771): CodeIgniter\Database\BaseConnection->query('INSERT INTO `me...', Array, false)
#4 E:\xampp\htdocs\toko-api\system\Model.php(239): CodeIgniter\Database\BaseBuilder->insert()
#5 E:\xampp\htdocs\toko-api\system\BaseModel.php(738): CodeIgniter\Model->doInsert(Array)
#6 E:\xampp\htdocs\toko-api\system\Model.php(625): CodeIgniter\BaseModel->insert(Array, false)
#7 E:\xampp\htdocs\toko-api\system\BaseModel.php(658): CodeIgniter\Model->insert(Array, false)
#8 E:\xampp\htdocs\toko-api\app\Controllers\RegistrasiController.php(17): CodeIgniter\BaseModel->save(Array)
#9 E:\xampp\htdocs\toko-api\system\CodeIgniter.php(832): App\Controllers\RegistrasiController->registrasi()
#10 E:\xampp\htdocs\toko-api\system\CodeIgniter.php(419): CodeIgniter\CodeIgniter->runController(Object(App\Controllers\RegistrasiController))
#11 E:\xampp\htdocs\toko-api\system\CodeIgniter.php(326): CodeIgniter\CodeIgniter->handleRequest(NULL, Object(Config\Cache), false)
#12 E:\xampp\htdocs\toko-api\public\index.php(37): CodeIgniter\CodeIgniter->run()
#13 {main}
